2020-05-20 12:20:56,133 INFO [root] [test_login.py(test01_login:24)] - 登陆成功
2020-05-20 12:20:56,136 INFO [root] [test_login.py(test01_login:25)] - {'success': True, 'code': 10000, 'message': '操作成功！', 'data': '34d0482b-79c6-4080-936c-30c893169d7d'}
2020-05-20 12:20:56,136 INFO [root] [test_login.py(test01_login:26)] - {'mobile': '13800000002', 'password': '123456'}
2020-05-20 12:20:56,232 INFO [root] [test_login.py(test01_login:24)] - 账号未注册
2020-05-20 12:20:56,232 INFO [root] [test_login.py(test01_login:25)] - {'success': False, 'code': 20001, 'message': '用户名或密码错误', 'data': None}
2020-05-20 12:20:56,232 INFO [root] [test_login.py(test01_login:26)] - {'mobile': '13900000002', 'password': '123456'}
2020-05-20 12:20:56,337 INFO [root] [test_login.py(test01_login:24)] - 登录     密码错误
2020-05-20 12:20:56,337 INFO [root] [test_login.py(test01_login:25)] - {'success': False, 'code': 20001, 'message': '用户名或密码错误', 'data': None}
2020-05-20 12:20:56,337 INFO [root] [test_login.py(test01_login:26)] - {'mobile': '13900000002', 'password': '456789'}
2020-05-20 12:20:56,445 INFO [root] [test_login.py(test01_login:24)] - 登录     国外手机号
2020-05-20 12:20:56,446 INFO [root] [test_login.py(test01_login:25)] - {'success': False, 'code': 20001, 'message': '用户名或密码错误', 'data': None}
2020-05-20 12:20:56,446 INFO [root] [test_login.py(test01_login:26)] - {'mobile': '+11 13900000002', 'password': '123456'}
2020-05-20 12:20:56,555 INFO [root] [test_login.py(test01_login:24)] - 登录     手机为空
2020-05-20 12:20:56,555 INFO [root] [test_login.py(test01_login:25)] - {'success': True, 'code': 10000, 'message': '操作成功！', 'data': 'f01a9d9a-b1d9-4979-b9f1-3d6e561c4239'}
2020-05-20 12:20:56,555 INFO [root] [test_login.py(test01_login:26)] - {'mobile': '', 'password': '123456'}
2020-05-20 12:20:56,662 INFO [root] [test_login.py(test01_login:24)] - 登录    密码为空
2020-05-20 12:20:56,663 INFO [root] [test_login.py(test01_login:25)] - {'success': False, 'code': 20001, 'message': '用户名或密码错误', 'data': None}
2020-05-20 12:20:56,664 INFO [root] [test_login.py(test01_login:26)] - {'mobile': '13900000002', 'password': ''}
2020-05-20 12:20:56,783 INFO [root] [test_login.py(test01_login:24)] - 登录   特殊字符
2020-05-20 12:20:56,784 INFO [root] [test_login.py(test01_login:25)] - {'success': False, 'code': 20001, 'message': '用户名或密码错误', 'data': None}
2020-05-20 12:20:56,784 INFO [root] [test_login.py(test01_login:26)] - {'mobile': '139000*00002', 'password': '123456'}
2020-05-20 12:20:56,892 INFO [root] [test_login.py(test01_login:24)] - 登录成功 多参
2020-05-20 12:20:56,893 INFO [root] [test_login.py(test01_login:25)] - {'success': True, 'code': 10000, 'message': '操作成功！', 'data': '8ea6ae29-1a4f-4b53-859c-81ebfa422e8e'}
2020-05-20 12:20:56,893 INFO [root] [test_login.py(test01_login:26)] - {'mobile': '13800000002', 'password': '123456', 'more_params': 'more_params'}
2020-05-20 12:20:56,995 INFO [root] [test_login.py(test01_login:24)] - 登录  缺少mobile
2020-05-20 12:20:56,995 INFO [root] [test_login.py(test01_login:25)] - {'success': False, 'code': 20001, 'message': '用户名或密码错误', 'data': None}
2020-05-20 12:20:56,995 INFO [root] [test_login.py(test01_login:26)] - {'password': '123456'}
2020-05-20 12:20:57,097 INFO [root] [test_login.py(test01_login:24)] - 登录     无参
2020-05-20 12:20:57,097 INFO [root] [test_login.py(test01_login:25)] - {'success': False, 'code': 20001, 'message': '用户名或密码错误', 'data': None}
2020-05-20 12:20:57,098 INFO [root] [test_login.py(test01_login:26)] - {}
2020-05-20 12:20:57,192 INFO [root] [test_login.py(test01_login:24)] - 登录  缺少password
2020-05-20 12:20:57,192 INFO [root] [test_login.py(test01_login:25)] - {'success': False, 'code': 20001, 'message': '用户名或密码错误', 'data': None}
2020-05-20 12:20:57,192 INFO [root] [test_login.py(test01_login:26)] - {'mobile': '13800000002'}
2020-05-20 12:20:57,293 INFO [root] [test_login.py(test01_login:24)] - 登录   错误参数
2020-05-20 12:20:57,294 INFO [root] [test_login.py(test01_login:25)] - {'success': False, 'code': 20001, 'message': '用户名或密码错误', 'data': None}
2020-05-20 12:20:57,294 INFO [root] [test_login.py(test01_login:26)] - {'mo0bile': '13800000002', 'password': '123456'}
2020-05-20 12:20:57,395 INFO [root] [test_login.py(test01_login:24)] - 登录   null
2020-05-20 12:20:57,395 INFO [root] [test_login.py(test01_login:25)] - {'success': False, 'code': 99999, 'message': '抱歉，系统繁忙，请稍后重试！', 'data': None}
2020-05-20 12:20:57,395 INFO [root] [test_login.py(test01_login:26)] - None
